<?xml version="1.0" encoding="UTF-8"?>
<testsuite name="com.sparta.hanghaememo.HanghaememoApplicationTests" tests="1" skipped="0" failures="0" errors="0" timestamp="2023-04-17T08:40:58" hostname="DESKTOP-U8QCPS1" time="0.154">
  <properties/>
  <testcase name="contextLoads()" classname="com.sparta.hanghaememo.HanghaememoApplicationTests" time="0.154"/>
  <system-out><![CDATA[17:40:55.563 [Test worker] DEBUG org.springframework.boot.test.context.SpringBootTestContextBootstrapper -- Neither @ContextConfiguration nor @ContextHierarchy found for test class [HanghaememoApplicationTests]: using SpringBootContextLoader
17:40:55.567 [Test worker] DEBUG org.springframework.test.context.support.AbstractContextLoader -- Could not detect default resource locations for test class [com.sparta.hanghaememo.HanghaememoApplicationTests]: no resource found for suffixes {-context.xml, Context.groovy}.
17:40:55.567 [Test worker] INFO org.springframework.test.context.support.AnnotationConfigContextLoaderUtils -- Could not detect default configuration classes for test class [com.sparta.hanghaememo.HanghaememoApplicationTests]: HanghaememoApplicationTests does not declare any static, non-private, non-final, nested classes annotated with @Configuration.
17:40:55.589 [Test worker] DEBUG org.springframework.boot.test.context.SpringBootTestContextBootstrapper -- Using ContextCustomizers for test class [HanghaememoApplicationTests]: [DisableObservabilityContextCustomizer, PropertyMappingContextCustomizer, Customizer, ExcludeFilterContextCustomizer, DuplicateJsonObjectContextCustomizer, MockitoContextCustomizer, TestRestTemplateContextCustomizer]
17:40:55.651 [Test worker] DEBUG org.springframework.context.annotation.ClassPathScanningCandidateComponentProvider -- Identified candidate component class: file [C:\Users\kws0528\IdeaProjects\hanghaememo\build\classes\java\main\com\sparta\hanghaememo\HanghaememoApplication.class]
17:40:55.653 [Test worker] INFO org.springframework.boot.test.context.SpringBootTestContextBootstrapper -- Found @SpringBootConfiguration com.sparta.hanghaememo.HanghaememoApplication for test class com.sparta.hanghaememo.HanghaememoApplicationTests
17:40:55.749 [Test worker] DEBUG org.springframework.boot.test.context.SpringBootTestContextBootstrapper -- Using TestExecutionListeners for test class [HanghaememoApplicationTests]: [ServletTestExecutionListener, DirtiesContextBeforeModesTestExecutionListener, ApplicationEventsTestExecutionListener, MockitoTestExecutionListener, DependencyInjectionTestExecutionListener, DirtiesContextTestExecutionListener, TransactionalTestExecutionListener, SqlScriptsTestExecutionListener, EventPublishingTestExecutionListener, RestDocsTestExecutionListener, MockRestServiceServerResetTestExecutionListener, MockMvcPrintOnlyOnFailureTestExecutionListener, WebDriverTestExecutionListener, MockWebServiceServerTestExecutionListener, ResetMocksTestExecutionListener]
17:40:55.750 [Test worker] DEBUG org.springframework.test.context.support.AbstractDirtiesContextTestExecutionListener -- Before test class: class [HanghaememoApplicationTests], class annotated with @DirtiesContext [false] with mode [null]

  .   ____          _            __ _ _
 /\\ / ___'_ __ _ _(_)_ __  __ _ \ \ \ \
( ( )\___ | '_ | '_| | '_ \/ _` | \ \ \ \
 \\/  ___)| |_)| | | | | || (_| |  ) ) ) )
  '  |____| .__|_| |_|_| |_\__, | / / / /
 =========|_|==============|___/=/_/_/_/
 :: Spring Boot ::                (v3.0.5)

2023-04-17T17:40:55.977+09:00  INFO 13524 --- [    Test worker] c.s.h.HanghaememoApplicationTests        : Starting HanghaememoApplicationTests using Java 17.0.6 with PID 13524 (started by kws0528 in C:\Users\kws0528\IdeaProjects\hanghaememo)
2023-04-17T17:40:55.978+09:00  INFO 13524 --- [    Test worker] c.s.h.HanghaememoApplicationTests        : No active profile set, falling back to 1 default profile: "default"
2023-04-17T17:40:56.474+09:00  INFO 13524 --- [    Test worker] .s.d.r.c.RepositoryConfigurationDelegate : Bootstrapping Spring Data JPA repositories in DEFAULT mode.
2023-04-17T17:40:56.518+09:00  INFO 13524 --- [    Test worker] .s.d.r.c.RepositoryConfigurationDelegate : Finished Spring Data repository scanning in 38 ms. Found 1 JPA repository interfaces.
2023-04-17T17:40:56.838+09:00  INFO 13524 --- [    Test worker] com.zaxxer.hikari.HikariDataSource       : HikariPool-1 - Starting...
2023-04-17T17:40:57.001+09:00  INFO 13524 --- [    Test worker] com.zaxxer.hikari.pool.HikariPool        : HikariPool-1 - Added connection conn0: url=jdbc:h2:mem:db user=SA
2023-04-17T17:40:57.002+09:00  INFO 13524 --- [    Test worker] com.zaxxer.hikari.HikariDataSource       : HikariPool-1 - Start completed.
2023-04-17T17:40:57.043+09:00  INFO 13524 --- [    Test worker] o.hibernate.jpa.internal.util.LogHelper  : HHH000204: Processing PersistenceUnitInfo [name: default]
2023-04-17T17:40:57.098+09:00  INFO 13524 --- [    Test worker] org.hibernate.Version                    : HHH000412: Hibernate ORM core version 6.1.7.Final
2023-04-17T17:40:57.401+09:00  INFO 13524 --- [    Test worker] SQL dialect                              : HHH000400: Using dialect: org.hibernate.dialect.H2Dialect
2023-04-17T17:40:58.033+09:00  INFO 13524 --- [    Test worker] o.h.e.t.j.p.i.JtaPlatformInitiator       : HHH000490: Using JtaPlatform implementation: [org.hibernate.engine.transaction.jta.platform.internal.NoJtaPlatform]
2023-04-17T17:40:58.041+09:00  INFO 13524 --- [    Test worker] j.LocalContainerEntityManagerFactoryBean : Initialized JPA EntityManagerFactory for persistence unit 'default'
2023-04-17T17:40:58.458+09:00  WARN 13524 --- [    Test worker] JpaBaseConfiguration$JpaWebConfiguration : spring.jpa.open-in-view is enabled by default. Therefore, database queries may be performed during view rendering. Explicitly configure spring.jpa.open-in-view to disable this warning
2023-04-17T17:40:58.673+09:00  INFO 13524 --- [    Test worker] o.s.b.a.w.s.WelcomePageHandlerMapping    : Adding welcome page template: index
2023-04-17T17:40:58.806+09:00  INFO 13524 --- [    Test worker] o.s.b.a.h2.H2ConsoleAutoConfiguration    : H2 console available at '/h2-console'. Database available at 'jdbc:h2:mem:db'
2023-04-17T17:40:58.849+09:00  INFO 13524 --- [    Test worker] c.s.h.HanghaememoApplicationTests        : Started HanghaememoApplicationTests in 3.059 seconds (process running for 3.932)
]]></system-out>
  <system-err><![CDATA[]]></system-err>
</testsuite>
